[Fri Nov 21 03:53:43 2025] PHP 8.4.11 Development Server (http://localhost:2525) started
[Fri Nov 21 03:53:51 2025] [::1]:58324 Accepted
[Fri Nov 21 03:53:51 2025] [::1]:58324 [302]: GET /
[Fri Nov 21 03:53:51 2025] [::1]:58324 Closing
[Fri Nov 21 03:53:51 2025] [::1]:58334 Accepted
[Fri Nov 21 03:53:51 2025] [::1]:58334 [200]: GET /panel.php
[Fri Nov 21 03:53:51 2025] [::1]:58334 Closing
[Fri Nov 21 03:53:51 2025] [::1]:58340 Accepted
[Fri Nov 21 03:53:51 2025] [::1]:58340 [200]: GET /assets/css/bootstrap.min.css
[Fri Nov 21 03:53:51 2025] [::1]:58340 Closing
[Fri Nov 21 03:53:51 2025] [::1]:56800 Accepted
[Fri Nov 21 03:53:51 2025] [::1]:56800 [200]: GET /assets/css/light-theme.min.css
[Fri Nov 21 03:53:51 2025] [::1]:56800 Closing
[Fri Nov 21 03:53:51 2025] [::1]:56804 Accepted
[Fri Nov 21 03:53:51 2025] [::1]:56806 Accepted
[Fri Nov 21 03:53:51 2025] [::1]:56818 Accepted
[Fri Nov 21 03:53:51 2025] [::1]:56832 Accepted
[Fri Nov 21 03:53:51 2025] [::1]:56804 [200]: GET /assets/js/jquery.min.js
[Fri Nov 21 03:53:51 2025] [::1]:56804 Closing
[Fri Nov 21 03:53:51 2025] [::1]:56806 [200]: GET /assets/js/script.js
[Fri Nov 21 03:53:51 2025] [::1]:56806 Closing
[Fri Nov 21 03:53:51 2025] [::1]:56818 [200]: GET /assets/js/sweetalert2.min.js
[Fri Nov 21 03:53:51 2025] [::1]:56818 Closing
[Fri Nov 21 03:53:51 2025] [::1]:56832 [200]: GET /assets/js/growl-notification.min.js
[Fri Nov 21 03:53:51 2025] [::1]:56832 Closing
[Fri Nov 21 03:53:51 2025] [::1]:56846 Accepted
[Fri Nov 21 03:53:52 2025] [::1]:56846 [200]: POST /list_templates.php
[Fri Nov 21 03:53:52 2025] [::1]:56846 Closing
[Fri Nov 21 03:53:52 2025] [::1]:56852 Accepted
[Fri Nov 21 03:53:52 2025] [::1]:56852 [200]: GET /Settings.json
[Fri Nov 21 03:53:52 2025] [::1]:56852 Closing
[Fri Nov 21 03:53:52 2025] [::1]:56854 Accepted
[Fri Nov 21 03:53:52 2025] [::1]:56854 [302]: GET /favicon.ico
[Fri Nov 21 03:53:52 2025] [::1]:56854 Closing
[Fri Nov 21 03:53:52 2025] [::1]:56860 Accepted
[Fri Nov 21 03:53:52 2025] [::1]:56860 [200]: GET /panel.php
[Fri Nov 21 03:53:52 2025] [::1]:56860 Closing
[Fri Nov 21 03:53:55 2025] [::1]:56876 Accepted
[Fri Nov 21 03:53:55 2025] [::1]:56876 [200]: POST /receiver.php
[Fri Nov 21 03:53:55 2025] [::1]:56876 Closing
[Fri Nov 21 03:53:57 2025] [::1]:56890 Accepted
[Fri Nov 21 03:53:57 2025] [::1]:56890 [200]: POST /receiver.php
[Fri Nov 21 03:53:57 2025] [::1]:56890 Closing
[Fri Nov 21 03:53:59 2025] [::1]:56902 Accepted
[Fri Nov 21 03:53:59 2025] [::1]:56902 [200]: POST /receiver.php
[Fri Nov 21 03:53:59 2025] [::1]:56902 Closing
[Fri Nov 21 03:54:01 2025] [::1]:41722 Accepted
[Fri Nov 21 03:54:01 2025] [::1]:41722 [200]: POST /receiver.php
[Fri Nov 21 03:54:01 2025] [::1]:41722 Closing
[Fri Nov 21 03:54:03 2025] [::1]:41724 Accepted
[Fri Nov 21 03:54:03 2025] [::1]:41724 [200]: POST /receiver.php
[Fri Nov 21 03:54:03 2025] [::1]:41724 Closing
[Fri Nov 21 03:54:05 2025] [::1]:41734 Accepted
[Fri Nov 21 03:54:05 2025] [::1]:41734 [200]: POST /receiver.php
[Fri Nov 21 03:54:05 2025] [::1]:41734 Closing
[Fri Nov 21 03:54:07 2025] [::1]:41738 Accepted
[Fri Nov 21 03:54:07 2025] [::1]:41738 [200]: POST /receiver.php
[Fri Nov 21 03:54:07 2025] [::1]:41738 Closing
[Fri Nov 21 03:54:09 2025] [::1]:41754 Accepted
[Fri Nov 21 03:54:09 2025] [::1]:41754 [200]: POST /receiver.php
[Fri Nov 21 03:54:09 2025] [::1]:41754 Closing
[Fri Nov 21 03:54:11 2025] [::1]:50260 Accepted
[Fri Nov 21 03:54:11 2025] [::1]:50260 [200]: POST /receiver.php
[Fri Nov 21 03:54:11 2025] [::1]:50260 Closing
[Fri Nov 21 03:54:13 2025] [::1]:50276 Accepted
[Fri Nov 21 03:54:13 2025] [::1]:50276 [200]: POST /receiver.php
[Fri Nov 21 03:54:13 2025] [::1]:50276 Closing
[Fri Nov 21 03:54:15 2025] [::1]:50284 Accepted
[Fri Nov 21 03:54:15 2025] [::1]:50284 [200]: POST /receiver.php
[Fri Nov 21 03:54:15 2025] [::1]:50284 Closing
[Fri Nov 21 03:54:17 2025] [::1]:50294 Accepted
[Fri Nov 21 03:54:17 2025] [::1]:50294 [200]: POST /receiver.php
[Fri Nov 21 03:54:17 2025] [::1]:50294 Closing
[Fri Nov 21 03:54:19 2025] [::1]:50296 Accepted
[Fri Nov 21 03:54:19 2025] [::1]:50296 [200]: POST /receiver.php
[Fri Nov 21 03:54:19 2025] [::1]:50296 Closing
[Fri Nov 21 03:54:21 2025] [::1]:48206 Accepted
[Fri Nov 21 03:54:21 2025] [::1]:48206 [200]: POST /receiver.php
[Fri Nov 21 03:54:21 2025] [::1]:48206 Closing
[Fri Nov 21 03:54:23 2025] [::1]:48220 Accepted
[Fri Nov 21 03:54:23 2025] [::1]:48220 [200]: POST /receiver.php
[Fri Nov 21 03:54:23 2025] [::1]:48220 Closing
[Fri Nov 21 03:54:25 2025] [::1]:48232 Accepted
[Fri Nov 21 03:54:25 2025] [::1]:48232 [200]: POST /receiver.php
[Fri Nov 21 03:54:25 2025] [::1]:48232 Closing
[Fri Nov 21 03:54:27 2025] [::1]:48248 Accepted
[Fri Nov 21 03:54:27 2025] [::1]:48248 [200]: POST /receiver.php
[Fri Nov 21 03:54:27 2025] [::1]:48248 Closing
[Fri Nov 21 03:54:29 2025] [::1]:48256 Accepted
[Fri Nov 21 03:54:29 2025] [::1]:48256 [200]: POST /receiver.php
[Fri Nov 21 03:54:29 2025] [::1]:48256 Closing
[Fri Nov 21 03:54:31 2025] [::1]:58574 Accepted
[Fri Nov 21 03:54:31 2025] [::1]:58574 [200]: POST /receiver.php
[Fri Nov 21 03:54:31 2025] [::1]:58574 Closing
[Fri Nov 21 03:54:33 2025] [::1]:58578 Accepted
[Fri Nov 21 03:54:33 2025] [::1]:58578 [200]: POST /receiver.php
[Fri Nov 21 03:54:33 2025] [::1]:58578 Closing
[Fri Nov 21 03:54:35 2025] [::1]:58588 Accepted
[Fri Nov 21 03:54:35 2025] [::1]:58588 [200]: POST /receiver.php
[Fri Nov 21 03:54:35 2025] [::1]:58588 Closing
[Fri Nov 21 03:54:37 2025] [::1]:58596 Accepted
[Fri Nov 21 03:54:37 2025] [::1]:58596 [200]: POST /receiver.php
[Fri Nov 21 03:54:37 2025] [::1]:58596 Closing
[Fri Nov 21 03:54:39 2025] [::1]:58602 Accepted
[Fri Nov 21 03:54:39 2025] [::1]:58602 [200]: POST /receiver.php
[Fri Nov 21 03:54:39 2025] [::1]:58602 Closing
[Fri Nov 21 03:54:41 2025] [::1]:50652 Accepted
[Fri Nov 21 03:54:41 2025] [::1]:50652 [200]: POST /receiver.php
[Fri Nov 21 03:54:41 2025] [::1]:50652 Closing
[Fri Nov 21 03:54:43 2025] [::1]:50658 Accepted
[Fri Nov 21 03:54:43 2025] [::1]:50658 [200]: POST /receiver.php
[Fri Nov 21 03:54:43 2025] [::1]:50658 Closing
[Fri Nov 21 03:54:45 2025] [::1]:50662 Accepted
[Fri Nov 21 03:54:45 2025] [::1]:50662 [200]: POST /receiver.php
[Fri Nov 21 03:54:45 2025] [::1]:50662 Closing
[Fri Nov 21 03:54:47 2025] [::1]:50664 Accepted
[Fri Nov 21 03:54:47 2025] [::1]:50664 [200]: POST /receiver.php
[Fri Nov 21 03:54:47 2025] [::1]:50664 Closing
[Fri Nov 21 03:54:49 2025] [::1]:50678 Accepted
[Fri Nov 21 03:54:49 2025] [::1]:50678 [200]: POST /receiver.php
[Fri Nov 21 03:54:49 2025] [::1]:50678 Closing
[Fri Nov 21 03:54:51 2025] [::1]:56966 Accepted
[Fri Nov 21 03:54:51 2025] [::1]:56966 [200]: POST /receiver.php
[Fri Nov 21 03:54:51 2025] [::1]:56966 Closing
[Fri Nov 21 03:54:53 2025] [::1]:56970 Accepted
[Fri Nov 21 03:54:53 2025] [::1]:56970 [200]: POST /receiver.php
[Fri Nov 21 03:54:53 2025] [::1]:56970 Closing
[Fri Nov 21 03:54:55 2025] [::1]:56972 Accepted
[Fri Nov 21 03:54:55 2025] [::1]:56972 [200]: POST /receiver.php
[Fri Nov 21 03:54:55 2025] [::1]:56972 Closing
[Fri Nov 21 03:54:57 2025] [::1]:56978 Accepted
[Fri Nov 21 03:54:57 2025] [::1]:56978 [200]: POST /receiver.php
[Fri Nov 21 03:54:57 2025] [::1]:56978 Closing
[Fri Nov 21 03:54:59 2025] [::1]:56986 Accepted
[Fri Nov 21 03:54:59 2025] [::1]:56986 [200]: POST /receiver.php
[Fri Nov 21 03:54:59 2025] [::1]:56986 Closing
[Fri Nov 21 03:55:01 2025] [::1]:56990 Accepted
[Fri Nov 21 03:55:01 2025] [::1]:56990 [200]: POST /receiver.php
[Fri Nov 21 03:55:01 2025] [::1]:56990 Closing
[Fri Nov 21 03:55:03 2025] [::1]:43508 Accepted
[Fri Nov 21 03:55:03 2025] [::1]:43508 [200]: POST /receiver.php
[Fri Nov 21 03:55:03 2025] [::1]:43508 Closing
[Fri Nov 21 03:55:05 2025] [::1]:43518 Accepted
[Fri Nov 21 03:55:05 2025] [::1]:43518 [200]: POST /receiver.php
[Fri Nov 21 03:55:05 2025] [::1]:43518 Closing
[Fri Nov 21 03:55:07 2025] [::1]:43522 Accepted
[Fri Nov 21 03:55:07 2025] [::1]:43522 [200]: POST /receiver.php
[Fri Nov 21 03:55:07 2025] [::1]:43522 Closing
[Fri Nov 21 03:55:09 2025] [::1]:43528 Accepted
[Fri Nov 21 03:55:09 2025] [::1]:43528 [200]: POST /receiver.php
[Fri Nov 21 03:55:09 2025] [::1]:43528 Closing
[Fri Nov 21 03:55:11 2025] [::1]:43542 Accepted
[Fri Nov 21 03:55:11 2025] [::1]:43542 [200]: POST /receiver.php
[Fri Nov 21 03:55:11 2025] [::1]:43542 Closing
[Fri Nov 21 03:55:13 2025] [::1]:45226 Accepted
[Fri Nov 21 03:55:13 2025] [::1]:45226 [200]: POST /receiver.php
[Fri Nov 21 03:55:13 2025] [::1]:45226 Closing
[Fri Nov 21 03:55:15 2025] [::1]:45234 Accepted
[Fri Nov 21 03:55:15 2025] [::1]:45234 [200]: POST /receiver.php
[Fri Nov 21 03:55:15 2025] [::1]:45234 Closing
[Fri Nov 21 03:55:17 2025] [::1]:45242 Accepted
[Fri Nov 21 03:55:17 2025] [::1]:45242 [200]: POST /receiver.php
[Fri Nov 21 03:55:17 2025] [::1]:45242 Closing
[Fri Nov 21 03:55:19 2025] [::1]:45252 Accepted
[Fri Nov 21 03:55:19 2025] [::1]:45252 [200]: POST /receiver.php
[Fri Nov 21 03:55:19 2025] [::1]:45252 Closing
[Fri Nov 21 03:55:21 2025] [::1]:45260 Accepted
[Fri Nov 21 03:55:21 2025] [::1]:45260 [200]: POST /receiver.php
[Fri Nov 21 03:55:21 2025] [::1]:45260 Closing
[Fri Nov 21 03:55:23 2025] [::1]:33160 Accepted
[Fri Nov 21 03:55:23 2025] [::1]:33160 [200]: POST /receiver.php
[Fri Nov 21 03:55:23 2025] [::1]:33160 Closing
[Fri Nov 21 03:55:25 2025] [::1]:33172 Accepted
[Fri Nov 21 03:55:25 2025] [::1]:33172 [200]: POST /receiver.php
[Fri Nov 21 03:55:25 2025] [::1]:33172 Closing
[Fri Nov 21 03:55:27 2025] [::1]:33180 Accepted
[Fri Nov 21 03:55:27 2025] [::1]:33180 [200]: POST /receiver.php
[Fri Nov 21 03:55:27 2025] [::1]:33180 Closing
[Fri Nov 21 03:55:29 2025] [::1]:33190 Accepted
[Fri Nov 21 03:55:29 2025] [::1]:33190 [200]: POST /receiver.php
[Fri Nov 21 03:55:29 2025] [::1]:33190 Closing
[Fri Nov 21 03:55:31 2025] [::1]:33204 Accepted
[Fri Nov 21 03:55:31 2025] [::1]:33204 [200]: POST /receiver.php
[Fri Nov 21 03:55:31 2025] [::1]:33204 Closing
[Fri Nov 21 03:55:31 2025] [::1]:43968 Accepted
[Fri Nov 21 03:55:31 2025] [::1]:43968 [200]: POST /receiver.php
[Fri Nov 21 03:55:31 2025] [::1]:43968 Closing
[Fri Nov 21 03:55:33 2025] [::1]:43970 Accepted
[Fri Nov 21 03:55:33 2025] [::1]:43970 [200]: POST /receiver.php
[Fri Nov 21 03:55:33 2025] [::1]:43970 Closing
[Fri Nov 21 03:55:33 2025] [::1]:43978 Accepted
[Fri Nov 21 03:55:33 2025] [::1]:43978 [200]: POST /receiver.php
[Fri Nov 21 03:55:33 2025] [::1]:43978 Closing
[Fri Nov 21 03:55:35 2025] [::1]:43994 Accepted
[Fri Nov 21 03:55:35 2025] [::1]:43994 [200]: POST /receiver.php
[Fri Nov 21 03:55:35 2025] [::1]:43994 Closing
[Fri Nov 21 03:55:35 2025] [::1]:44004 Accepted
[Fri Nov 21 03:55:35 2025] [::1]:44004 [200]: POST /receiver.php
[Fri Nov 21 03:55:35 2025] [::1]:44004 Closing
[Fri Nov 21 03:55:37 2025] [::1]:44010 Accepted
[Fri Nov 21 03:55:37 2025] [::1]:44010 [200]: POST /receiver.php
[Fri Nov 21 03:55:37 2025] [::1]:44010 Closing
[Fri Nov 21 03:55:37 2025] [::1]:44012 Accepted
[Fri Nov 21 03:55:37 2025] [::1]:44012 [200]: POST /receiver.php
[Fri Nov 21 03:55:37 2025] [::1]:44012 Closing
[Fri Nov 21 03:55:39 2025] [::1]:44014 Accepted
[Fri Nov 21 03:55:39 2025] [::1]:44014 [200]: POST /receiver.php
[Fri Nov 21 03:55:39 2025] [::1]:44014 Closing
[Fri Nov 21 03:55:39 2025] [::1]:44024 Accepted
[Fri Nov 21 03:55:39 2025] [::1]:44024 [200]: POST /receiver.php
[Fri Nov 21 03:55:39 2025] [::1]:44024 Closing
[Fri Nov 21 03:55:41 2025] [::1]:44028 Accepted
[Fri Nov 21 03:55:41 2025] [::1]:44028 [200]: POST /receiver.php
[Fri Nov 21 03:55:41 2025] [::1]:44028 Closing
[Fri Nov 21 03:55:41 2025] [::1]:49140 Accepted
[Fri Nov 21 03:55:41 2025] [::1]:49140 [200]: POST /receiver.php
[Fri Nov 21 03:55:41 2025] [::1]:49140 Closing
[Fri Nov 21 03:55:43 2025] [::1]:49152 Accepted
[Fri Nov 21 03:55:43 2025] [::1]:49152 [200]: POST /receiver.php
[Fri Nov 21 03:55:43 2025] [::1]:49152 Closing
[Fri Nov 21 03:55:43 2025] [::1]:49168 Accepted
[Fri Nov 21 03:55:43 2025] [::1]:49168 [200]: POST /receiver.php
[Fri Nov 21 03:55:43 2025] [::1]:49168 Closing
[Fri Nov 21 03:55:45 2025] [::1]:49172 Accepted
[Fri Nov 21 03:55:45 2025] [::1]:49172 [200]: POST /receiver.php
[Fri Nov 21 03:55:45 2025] [::1]:49172 Closing
[Fri Nov 21 03:55:45 2025] [::1]:49174 Accepted
[Fri Nov 21 03:55:45 2025] [::1]:49174 [200]: POST /receiver.php
[Fri Nov 21 03:55:45 2025] [::1]:49174 Closing
[Fri Nov 21 03:55:47 2025] [::1]:49186 Accepted
[Fri Nov 21 03:55:47 2025] [::1]:49186 [200]: POST /receiver.php
[Fri Nov 21 03:55:47 2025] [::1]:49186 Closing
[Fri Nov 21 03:55:47 2025] [::1]:49190 Accepted
[Fri Nov 21 03:55:47 2025] [::1]:49190 [200]: POST /receiver.php
[Fri Nov 21 03:55:47 2025] [::1]:49190 Closing
[Fri Nov 21 03:55:49 2025] [::1]:49206 Accepted
[Fri Nov 21 03:55:49 2025] [::1]:49206 [200]: POST /receiver.php
[Fri Nov 21 03:55:49 2025] [::1]:49206 Closing
[Fri Nov 21 03:55:49 2025] [::1]:49216 Accepted
[Fri Nov 21 03:55:49 2025] [::1]:49216 [200]: POST /receiver.php
[Fri Nov 21 03:55:49 2025] [::1]:49216 Closing
[Fri Nov 21 03:55:51 2025] [::1]:49224 Accepted
[Fri Nov 21 03:55:51 2025] [::1]:49224 [200]: POST /receiver.php
[Fri Nov 21 03:55:51 2025] [::1]:49224 Closing
[Fri Nov 21 03:55:51 2025] [::1]:37070 Accepted
[Fri Nov 21 03:55:51 2025] [::1]:37070 [200]: POST /receiver.php
[Fri Nov 21 03:55:51 2025] [::1]:37070 Closing
[Fri Nov 21 03:55:53 2025] [::1]:37084 Accepted
[Fri Nov 21 03:55:53 2025] [::1]:37084 [200]: POST /receiver.php
[Fri Nov 21 03:55:53 2025] [::1]:37084 Closing
[Fri Nov 21 03:55:53 2025] [::1]:37100 Accepted
[Fri Nov 21 03:55:53 2025] [::1]:37100 [200]: POST /receiver.php
[Fri Nov 21 03:55:53 2025] [::1]:37100 Closing
[Fri Nov 21 03:55:55 2025] [::1]:37110 Accepted
[Fri Nov 21 03:55:55 2025] [::1]:37110 [200]: POST /receiver.php
[Fri Nov 21 03:55:55 2025] [::1]:37110 Closing
[Fri Nov 21 03:55:55 2025] [::1]:37120 Accepted
[Fri Nov 21 03:55:55 2025] [::1]:37120 [200]: POST /receiver.php
[Fri Nov 21 03:55:55 2025] [::1]:37120 Closing
[Fri Nov 21 03:55:57 2025] [::1]:37122 Accepted
[Fri Nov 21 03:55:57 2025] [::1]:37122 [200]: POST /receiver.php
[Fri Nov 21 03:55:57 2025] [::1]:37122 Closing
[Fri Nov 21 03:55:57 2025] [::1]:37138 Accepted
[Fri Nov 21 03:55:57 2025] [::1]:37138 [200]: POST /receiver.php
[Fri Nov 21 03:55:57 2025] [::1]:37138 Closing
[Fri Nov 21 03:55:59 2025] [::1]:37150 Accepted
[Fri Nov 21 03:55:59 2025] [::1]:37150 [200]: POST /receiver.php
[Fri Nov 21 03:55:59 2025] [::1]:37150 Closing
[Fri Nov 21 03:55:59 2025] [::1]:37160 Accepted
[Fri Nov 21 03:55:59 2025] [::1]:37160 [200]: POST /receiver.php
[Fri Nov 21 03:55:59 2025] [::1]:37160 Closing
[Fri Nov 21 03:56:01 2025] [::1]:37174 Accepted
[Fri Nov 21 03:56:01 2025] [::1]:37174 [200]: POST /receiver.php
[Fri Nov 21 03:56:01 2025] [::1]:37174 Closing
[Fri Nov 21 03:56:01 2025] [::1]:52676 Accepted
[Fri Nov 21 03:56:01 2025] [::1]:52676 [200]: POST /receiver.php
[Fri Nov 21 03:56:01 2025] [::1]:52676 Closing
[Fri Nov 21 03:56:03 2025] [::1]:52688 Accepted
[Fri Nov 21 03:56:03 2025] [::1]:52688 [200]: POST /receiver.php
[Fri Nov 21 03:56:03 2025] [::1]:52688 Closing
[Fri Nov 21 03:56:03 2025] [::1]:52700 Accepted
[Fri Nov 21 03:56:03 2025] [::1]:52700 [200]: POST /receiver.php
[Fri Nov 21 03:56:03 2025] [::1]:52700 Closing
[Fri Nov 21 03:56:05 2025] [::1]:52702 Accepted
[Fri Nov 21 03:56:05 2025] [::1]:52702 [200]: POST /receiver.php
[Fri Nov 21 03:56:05 2025] [::1]:52702 Closing
[Fri Nov 21 03:56:05 2025] [::1]:52704 Accepted
[Fri Nov 21 03:56:05 2025] [::1]:52704 [200]: POST /receiver.php
[Fri Nov 21 03:56:05 2025] [::1]:52704 Closing
[Fri Nov 21 03:56:07 2025] [::1]:52712 Accepted
[Fri Nov 21 03:56:07 2025] [::1]:52712 [200]: POST /receiver.php
[Fri Nov 21 03:56:07 2025] [::1]:52712 Closing
[Fri Nov 21 03:56:07 2025] [::1]:52714 Accepted
[Fri Nov 21 03:56:07 2025] [::1]:52714 [200]: POST /receiver.php
[Fri Nov 21 03:56:07 2025] [::1]:52714 Closing
[Fri Nov 21 03:56:09 2025] [::1]:52722 Accepted
[Fri Nov 21 03:56:09 2025] [::1]:52722 [200]: POST /receiver.php
[Fri Nov 21 03:56:09 2025] [::1]:52722 Closing
[Fri Nov 21 03:56:09 2025] [::1]:52728 Accepted
[Fri Nov 21 03:56:09 2025] [::1]:52728 [200]: POST /receiver.php
[Fri Nov 21 03:56:09 2025] [::1]:52728 Closing
[Fri Nov 21 03:56:09 2025] [::1]:52744 Accepted
[Fri Nov 21 03:56:09 2025] [::1]:52744 [200]: POST /receiver.php
[Fri Nov 21 03:56:09 2025] [::1]:52744 Closing
[Fri Nov 21 03:56:11 2025] [::1]:52754 Accepted
[Fri Nov 21 03:56:11 2025] [::1]:52754 [200]: POST /receiver.php
[Fri Nov 21 03:56:11 2025] [::1]:52754 Closing
[Fri Nov 21 03:56:11 2025] [::1]:52764 Accepted
[Fri Nov 21 03:56:11 2025] [::1]:52764 [200]: POST /receiver.php
[Fri Nov 21 03:56:11 2025] [::1]:52764 Closing
[Fri Nov 21 03:56:11 2025] [::1]:40298 Accepted
[Fri Nov 21 03:56:11 2025] [::1]:40298 [200]: POST /receiver.php
[Fri Nov 21 03:56:11 2025] [::1]:40298 Closing
[Fri Nov 21 03:56:13 2025] [::1]:40310 Accepted
[Fri Nov 21 03:56:13 2025] [::1]:40310 [200]: POST /receiver.php
[Fri Nov 21 03:56:13 2025] [::1]:40310 Closing
[Fri Nov 21 03:56:13 2025] [::1]:40312 Accepted
[Fri Nov 21 03:56:13 2025] [::1]:40312 [200]: POST /receiver.php
[Fri Nov 21 03:56:13 2025] [::1]:40312 Closing
[Fri Nov 21 03:56:13 2025] [::1]:40322 Accepted
[Fri Nov 21 03:56:13 2025] [::1]:40322 [200]: POST /receiver.php
[Fri Nov 21 03:56:13 2025] [::1]:40322 Closing
[Fri Nov 21 03:56:15 2025] [::1]:40326 Accepted
[Fri Nov 21 03:56:15 2025] [::1]:40326 [200]: POST /receiver.php
[Fri Nov 21 03:56:15 2025] [::1]:40326 Closing
[Fri Nov 21 03:56:15 2025] [::1]:40330 Accepted
[Fri Nov 21 03:56:15 2025] [::1]:40330 [200]: POST /receiver.php
[Fri Nov 21 03:56:15 2025] [::1]:40330 Closing
[Fri Nov 21 03:56:15 2025] [::1]:40346 Accepted
[Fri Nov 21 03:56:15 2025] [::1]:40346 [200]: POST /receiver.php
[Fri Nov 21 03:56:15 2025] [::1]:40346 Closing
[Fri Nov 21 03:56:17 2025] [::1]:40350 Accepted
[Fri Nov 21 03:56:17 2025] [::1]:40350 [200]: POST /receiver.php
[Fri Nov 21 03:56:17 2025] [::1]:40350 Closing
[Fri Nov 21 03:56:17 2025] [::1]:40354 Accepted
[Fri Nov 21 03:56:17 2025] [::1]:40354 [200]: POST /receiver.php
[Fri Nov 21 03:56:17 2025] [::1]:40354 Closing
[Fri Nov 21 03:56:17 2025] [::1]:40368 Accepted
[Fri Nov 21 03:56:17 2025] [::1]:40368 [200]: POST /receiver.php
[Fri Nov 21 03:56:17 2025] [::1]:40368 Closing
[Fri Nov 21 03:56:19 2025] [::1]:40370 Accepted
[Fri Nov 21 03:56:19 2025] [::1]:40370 [200]: POST /receiver.php
[Fri Nov 21 03:56:19 2025] [::1]:40370 Closing
[Fri Nov 21 03:56:19 2025] [::1]:40386 Accepted
[Fri Nov 21 03:56:19 2025] [::1]:40386 [200]: POST /receiver.php
[Fri Nov 21 03:56:19 2025] [::1]:40386 Closing
[Fri Nov 21 03:56:19 2025] [::1]:40402 Accepted
[Fri Nov 21 03:56:19 2025] [::1]:40402 [200]: POST /receiver.php
[Fri Nov 21 03:56:19 2025] [::1]:40402 Closing
[Fri Nov 21 03:56:21 2025] [::1]:35694 Accepted
[Fri Nov 21 03:56:21 2025] [::1]:35694 [200]: POST /receiver.php
[Fri Nov 21 03:56:21 2025] [::1]:35694 Closing
[Fri Nov 21 03:56:21 2025] [::1]:35708 Accepted
[Fri Nov 21 03:56:21 2025] [::1]:35708 [200]: POST /receiver.php
[Fri Nov 21 03:56:21 2025] [::1]:35708 Closing
[Fri Nov 21 03:56:22 2025] [::1]:35722 Accepted
[Fri Nov 21 03:56:22 2025] [::1]:35722 [200]: POST /receiver.php
[Fri Nov 21 03:56:22 2025] [::1]:35722 Closing
[Fri Nov 21 03:56:23 2025] [::1]:35734 Accepted
[Fri Nov 21 03:56:23 2025] [::1]:35744 Accepted
[Fri Nov 21 03:56:23 2025] [::1]:35734 [200]: POST /receiver.php
[Fri Nov 21 03:56:23 2025] [::1]:35734 Closing
[Fri Nov 21 03:56:23 2025] [::1]:35744 [200]: POST /receiver.php
[Fri Nov 21 03:56:23 2025] [::1]:35744 Closing
[Fri Nov 21 03:56:24 2025] [::1]:35746 Accepted
[Fri Nov 21 03:56:24 2025] [::1]:35746 [200]: POST /receiver.php
[Fri Nov 21 03:56:24 2025] [::1]:35746 Closing
[Fri Nov 21 03:56:25 2025] [::1]:35748 Accepted
[Fri Nov 21 03:56:25 2025] [::1]:35748 [200]: POST /receiver.php
[Fri Nov 21 03:56:25 2025] [::1]:35748 Closing
[Fri Nov 21 03:56:25 2025] [::1]:35754 Accepted
[Fri Nov 21 03:56:25 2025] [::1]:35754 [200]: POST /receiver.php
[Fri Nov 21 03:56:25 2025] [::1]:35754 Closing
[Fri Nov 21 03:56:26 2025] [::1]:35756 Accepted
[Fri Nov 21 03:56:26 2025] [::1]:35756 [200]: POST /receiver.php
[Fri Nov 21 03:56:26 2025] [::1]:35756 Closing
[Fri Nov 21 03:56:27 2025] [::1]:35764 Accepted
[Fri Nov 21 03:56:27 2025] [::1]:35764 [200]: POST /receiver.php
[Fri Nov 21 03:56:27 2025] [::1]:35764 Closing
[Fri Nov 21 03:56:27 2025] [::1]:35774 Accepted
[Fri Nov 21 03:56:27 2025] [::1]:35774 [200]: POST /receiver.php
[Fri Nov 21 03:56:27 2025] [::1]:35774 Closing
[Fri Nov 21 03:56:28 2025] [::1]:35782 Accepted
[Fri Nov 21 03:56:28 2025] [::1]:35782 [200]: POST /receiver.php
[Fri Nov 21 03:56:28 2025] [::1]:35782 Closing
[Fri Nov 21 03:56:29 2025] [::1]:35786 Accepted
[Fri Nov 21 03:56:29 2025] [::1]:35786 [200]: POST /receiver.php
[Fri Nov 21 03:56:29 2025] [::1]:35786 Closing
[Fri Nov 21 03:56:29 2025] [::1]:35794 Accepted
[Fri Nov 21 03:56:29 2025] [::1]:35794 [200]: POST /receiver.php
[Fri Nov 21 03:56:29 2025] [::1]:35794 Closing
[Fri Nov 21 03:56:30 2025] [::1]:35810 Accepted
[Fri Nov 21 03:56:30 2025] [::1]:35810 [200]: POST /receiver.php
[Fri Nov 21 03:56:30 2025] [::1]:35810 Closing
[Fri Nov 21 03:56:31 2025] [::1]:54920 Accepted
[Fri Nov 21 03:56:31 2025] [::1]:54920 [200]: POST /receiver.php
[Fri Nov 21 03:56:31 2025] [::1]:54920 Closing
[Fri Nov 21 03:56:31 2025] [::1]:54936 Accepted
[Fri Nov 21 03:56:31 2025] [::1]:54936 [200]: POST /receiver.php
[Fri Nov 21 03:56:31 2025] [::1]:54936 Closing
[Fri Nov 21 03:56:32 2025] [::1]:54944 Accepted
[Fri Nov 21 03:56:32 2025] [::1]:54944 [200]: POST /receiver.php
[Fri Nov 21 03:56:32 2025] [::1]:54944 Closing
[Fri Nov 21 03:56:33 2025] [::1]:54950 Accepted
[Fri Nov 21 03:56:33 2025] [::1]:54950 [200]: POST /receiver.php
[Fri Nov 21 03:56:33 2025] [::1]:54950 Closing
[Fri Nov 21 03:56:33 2025] [::1]:54964 Accepted
[Fri Nov 21 03:56:33 2025] [::1]:54964 [200]: POST /receiver.php
[Fri Nov 21 03:56:33 2025] [::1]:54964 Closing
[Fri Nov 21 03:56:34 2025] [::1]:54972 Accepted
[Fri Nov 21 03:56:34 2025] [::1]:54972 [200]: POST /receiver.php
[Fri Nov 21 03:56:34 2025] [::1]:54972 Closing
[Fri Nov 21 03:56:35 2025] [::1]:54978 Accepted
[Fri Nov 21 03:56:35 2025] [::1]:54980 Accepted
[Fri Nov 21 03:56:35 2025] [::1]:54978 [200]: POST /receiver.php
[Fri Nov 21 03:56:35 2025] [::1]:54978 Closing
[Fri Nov 21 03:56:35 2025] [::1]:54980 [200]: POST /receiver.php
[Fri Nov 21 03:56:35 2025] [::1]:54980 Closing
[Fri Nov 21 03:56:36 2025] [::1]:54982 Accepted
[Fri Nov 21 03:56:36 2025] [::1]:54982 [200]: POST /receiver.php
[Fri Nov 21 03:56:36 2025] [::1]:54982 Closing
[Fri Nov 21 03:56:37 2025] [::1]:54990 Accepted
[Fri Nov 21 03:56:37 2025] [::1]:54990 [200]: POST /receiver.php
[Fri Nov 21 03:56:37 2025] [::1]:54990 Closing
[Fri Nov 21 03:56:37 2025] [::1]:55002 Accepted
[Fri Nov 21 03:56:37 2025] [::1]:55002 [200]: POST /receiver.php
[Fri Nov 21 03:56:37 2025] [::1]:55002 Closing
[Fri Nov 21 03:56:38 2025] [::1]:55008 Accepted
[Fri Nov 21 03:56:38 2025] [::1]:55008 [200]: POST /receiver.php
[Fri Nov 21 03:56:38 2025] [::1]:55008 Closing
[Fri Nov 21 03:56:39 2025] [::1]:55018 Accepted
[Fri Nov 21 03:56:39 2025] [::1]:55018 [200]: POST /receiver.php
[Fri Nov 21 03:56:39 2025] [::1]:55018 Closing
[Fri Nov 21 03:56:39 2025] [::1]:55024 Accepted
[Fri Nov 21 03:56:39 2025] [::1]:55024 [200]: POST /receiver.php
[Fri Nov 21 03:56:39 2025] [::1]:55024 Closing
[Fri Nov 21 03:56:40 2025] [::1]:55038 Accepted
[Fri Nov 21 03:56:40 2025] [::1]:55038 [200]: POST /receiver.php
[Fri Nov 21 03:56:40 2025] [::1]:55038 Closing
[Fri Nov 21 03:56:41 2025] [::1]:36682 Accepted
[Fri Nov 21 03:56:41 2025] [::1]:36682 [200]: POST /receiver.php
[Fri Nov 21 03:56:41 2025] [::1]:36682 Closing
[Fri Nov 21 03:56:41 2025] [::1]:36696 Accepted
[Fri Nov 21 03:56:41 2025] [::1]:36696 [200]: POST /receiver.php
[Fri Nov 21 03:56:41 2025] [::1]:36696 Closing
[Fri Nov 21 03:56:42 2025] [::1]:36702 Accepted
[Fri Nov 21 03:56:42 2025] [::1]:36702 [200]: POST /receiver.php
[Fri Nov 21 03:56:42 2025] [::1]:36702 Closing
[Fri Nov 21 03:56:43 2025] [::1]:36710 Accepted
[Fri Nov 21 03:56:43 2025] [::1]:36710 [200]: POST /receiver.php
[Fri Nov 21 03:56:43 2025] [::1]:36710 Closing
[Fri Nov 21 03:56:43 2025] [::1]:36714 Accepted
[Fri Nov 21 03:56:43 2025] [::1]:36714 [200]: POST /receiver.php
[Fri Nov 21 03:56:43 2025] [::1]:36714 Closing
[Fri Nov 21 03:56:44 2025] [::1]:36726 Accepted
[Fri Nov 21 03:56:44 2025] [::1]:36726 [200]: POST /receiver.php
[Fri Nov 21 03:56:44 2025] [::1]:36726 Closing
[Fri Nov 21 03:56:45 2025] [::1]:36736 Accepted
[Fri Nov 21 03:56:45 2025] [::1]:36736 [200]: POST /receiver.php
[Fri Nov 21 03:56:45 2025] [::1]:36736 Closing
[Fri Nov 21 03:56:45 2025] [::1]:36742 Accepted
[Fri Nov 21 03:56:45 2025] [::1]:36742 [200]: POST /receiver.php
[Fri Nov 21 03:56:45 2025] [::1]:36742 Closing
[Fri Nov 21 03:56:46 2025] [::1]:36744 Accepted
[Fri Nov 21 03:56:46 2025] [::1]:36744 [200]: POST /receiver.php
[Fri Nov 21 03:56:46 2025] [::1]:36744 Closing
[Fri Nov 21 03:56:47 2025] [::1]:36758 Accepted
[Fri Nov 21 03:56:47 2025] [::1]:36758 [200]: POST /receiver.php
[Fri Nov 21 03:56:47 2025] [::1]:36758 Closing
[Fri Nov 21 03:56:47 2025] [::1]:36764 Accepted
[Fri Nov 21 03:56:47 2025] [::1]:36764 [200]: POST /receiver.php
[Fri Nov 21 03:56:47 2025] [::1]:36764 Closing
[Fri Nov 21 03:56:48 2025] [::1]:36778 Accepted
[Fri Nov 21 03:56:48 2025] [::1]:36778 [200]: POST /receiver.php
[Fri Nov 21 03:56:48 2025] [::1]:36778 Closing
[Fri Nov 21 03:56:49 2025] [::1]:36786 Accepted
[Fri Nov 21 03:56:49 2025] [::1]:36786 [200]: POST /receiver.php
[Fri Nov 21 03:56:49 2025] [::1]:36786 Closing
[Fri Nov 21 03:56:49 2025] [::1]:36800 Accepted
[Fri Nov 21 03:56:49 2025] [::1]:36800 [200]: POST /receiver.php
[Fri Nov 21 03:56:49 2025] [::1]:36800 Closing
[Fri Nov 21 03:56:50 2025] [::1]:36812 Accepted
[Fri Nov 21 03:56:50 2025] [::1]:36812 [200]: POST /receiver.php
[Fri Nov 21 03:56:50 2025] [::1]:36812 Closing
[Fri Nov 21 03:56:51 2025] [::1]:60848 Accepted
[Fri Nov 21 03:56:51 2025] [::1]:60848 [200]: POST /receiver.php
[Fri Nov 21 03:56:51 2025] [::1]:60848 Closing
[Fri Nov 21 03:56:51 2025] [::1]:60864 Accepted
[Fri Nov 21 03:56:51 2025] [::1]:60864 [200]: POST /receiver.php
[Fri Nov 21 03:56:51 2025] [::1]:60864 Closing
[Fri Nov 21 03:56:52 2025] [::1]:60874 Accepted
[Fri Nov 21 03:56:52 2025] [::1]:60874 [200]: POST /receiver.php
[Fri Nov 21 03:56:52 2025] [::1]:60874 Closing
[Fri Nov 21 03:56:53 2025] [::1]:60890 Accepted
[Fri Nov 21 03:56:53 2025] [::1]:60890 [200]: POST /receiver.php
[Fri Nov 21 03:56:53 2025] [::1]:60890 Closing
[Fri Nov 21 03:56:53 2025] [::1]:60892 Accepted
[Fri Nov 21 03:56:53 2025] [::1]:60892 [200]: POST /receiver.php
[Fri Nov 21 03:56:53 2025] [::1]:60892 Closing
[Fri Nov 21 03:56:54 2025] [::1]:60894 Accepted
[Fri Nov 21 03:56:54 2025] [::1]:60894 [200]: POST /receiver.php
[Fri Nov 21 03:56:54 2025] [::1]:60894 Closing
[Fri Nov 21 03:56:55 2025] [::1]:60910 Accepted
[Fri Nov 21 03:56:55 2025] [::1]:60910 [200]: POST /receiver.php
[Fri Nov 21 03:56:55 2025] [::1]:60910 Closing
[Fri Nov 21 03:56:55 2025] [::1]:60924 Accepted
[Fri Nov 21 03:56:55 2025] [::1]:60924 [200]: POST /receiver.php
[Fri Nov 21 03:56:55 2025] [::1]:60924 Closing
[Fri Nov 21 03:56:56 2025] [::1]:60928 Accepted
[Fri Nov 21 03:56:56 2025] [::1]:60928 [200]: POST /receiver.php
[Fri Nov 21 03:56:56 2025] [::1]:60928 Closing
[Fri Nov 21 03:56:57 2025] [::1]:60936 Accepted
[Fri Nov 21 03:56:57 2025] [::1]:60936 [200]: POST /receiver.php
[Fri Nov 21 03:56:57 2025] [::1]:60936 Closing
[Fri Nov 21 03:56:57 2025] [::1]:60946 Accepted
[Fri Nov 21 03:56:57 2025] [::1]:60946 [200]: POST /receiver.php
[Fri Nov 21 03:56:57 2025] [::1]:60946 Closing
[Fri Nov 21 03:56:58 2025] [::1]:60952 Accepted
[Fri Nov 21 03:56:58 2025] [::1]:60952 [200]: POST /receiver.php
[Fri Nov 21 03:56:58 2025] [::1]:60952 Closing
[Fri Nov 21 03:56:59 2025] [::1]:60962 Accepted
[Fri Nov 21 03:56:59 2025] [::1]:60970 Accepted
[Fri Nov 21 03:56:59 2025] [::1]:60962 [200]: POST /receiver.php
[Fri Nov 21 03:56:59 2025] [::1]:60962 Closing
[Fri Nov 21 03:56:59 2025] [::1]:60970 [200]: POST /receiver.php
[Fri Nov 21 03:56:59 2025] [::1]:60970 Closing
[Fri Nov 21 03:57:00 2025] [::1]:60974 Accepted
[Fri Nov 21 03:57:00 2025] [::1]:60974 [200]: POST /receiver.php
[Fri Nov 21 03:57:00 2025] [::1]:60974 Closing
[Fri Nov 21 03:57:01 2025] [::1]:54082 Accepted
[Fri Nov 21 03:57:01 2025] [::1]:54084 Accepted
[Fri Nov 21 03:57:01 2025] [::1]:54082 [200]: POST /receiver.php
[Fri Nov 21 03:57:01 2025] [::1]:54082 Closing
[Fri Nov 21 03:57:01 2025] [::1]:54084 [200]: POST /receiver.php
[Fri Nov 21 03:57:01 2025] [::1]:54084 Closing
[Fri Nov 21 03:57:02 2025] [::1]:54090 Accepted
[Fri Nov 21 03:57:02 2025] [::1]:54090 [200]: POST /receiver.php
[Fri Nov 21 03:57:02 2025] [::1]:54090 Closing
[Fri Nov 21 03:57:03 2025] [::1]:54092 Accepted
[Fri Nov 21 03:57:03 2025] [::1]:54092 [200]: POST /receiver.php
[Fri Nov 21 03:57:03 2025] [::1]:54092 Closing
[Fri Nov 21 03:57:03 2025] [::1]:54102 Accepted
[Fri Nov 21 03:57:03 2025] [::1]:54102 [200]: POST /receiver.php
[Fri Nov 21 03:57:03 2025] [::1]:54102 Closing
[Fri Nov 21 03:57:04 2025] [::1]:54106 Accepted
[Fri Nov 21 03:57:04 2025] [::1]:54106 [200]: POST /receiver.php
[Fri Nov 21 03:57:04 2025] [::1]:54106 Closing
[Fri Nov 21 03:57:05 2025] [::1]:54112 Accepted
[Fri Nov 21 03:57:05 2025] [::1]:54112 [200]: POST /receiver.php
[Fri Nov 21 03:57:05 2025] [::1]:54112 Closing
[Fri Nov 21 03:57:05 2025] [::1]:54116 Accepted
[Fri Nov 21 03:57:05 2025] [::1]:54116 [200]: POST /receiver.php
[Fri Nov 21 03:57:05 2025] [::1]:54116 Closing
[Fri Nov 21 03:57:06 2025] [::1]:54124 Accepted
[Fri Nov 21 03:57:06 2025] [::1]:54124 [200]: POST /receiver.php
[Fri Nov 21 03:57:06 2025] [::1]:54124 Closing
[Fri Nov 21 03:57:07 2025] [::1]:54140 Accepted
[Fri Nov 21 03:57:07 2025] [::1]:54140 [200]: POST /receiver.php
[Fri Nov 21 03:57:07 2025] [::1]:54140 Closing
[Fri Nov 21 03:57:07 2025] [::1]:54144 Accepted
[Fri Nov 21 03:57:07 2025] [::1]:54144 [200]: POST /receiver.php
[Fri Nov 21 03:57:07 2025] [::1]:54144 Closing
[Fri Nov 21 03:57:08 2025] [::1]:54158 Accepted
[Fri Nov 21 03:57:08 2025] [::1]:54158 [200]: POST /receiver.php
[Fri Nov 21 03:57:08 2025] [::1]:54158 Closing
[Fri Nov 21 03:57:09 2025] [::1]:54166 Accepted
[Fri Nov 21 03:57:09 2025] [::1]:54182 Accepted
[Fri Nov 21 03:57:09 2025] [::1]:54166 [200]: POST /receiver.php
[Fri Nov 21 03:57:09 2025] [::1]:54166 Closing
[Fri Nov 21 03:57:09 2025] [::1]:54182 [200]: POST /receiver.php
[Fri Nov 21 03:57:09 2025] [::1]:54182 Closing
[Fri Nov 21 03:57:10 2025] [::1]:54184 Accepted
[Fri Nov 21 03:57:10 2025] [::1]:54184 [200]: POST /receiver.php
[Fri Nov 21 03:57:10 2025] [::1]:54184 Closing
[Fri Nov 21 03:57:11 2025] [::1]:59462 Accepted
[Fri Nov 21 03:57:11 2025] [::1]:59462 [200]: POST /receiver.php
[Fri Nov 21 03:57:11 2025] [::1]:59462 Closing
[Fri Nov 21 03:57:11 2025] [::1]:59474 Accepted
[Fri Nov 21 03:57:11 2025] [::1]:59474 [200]: POST /receiver.php
[Fri Nov 21 03:57:11 2025] [::1]:59474 Closing
[Fri Nov 21 03:57:12 2025] [::1]:59476 Accepted
[Fri Nov 21 03:57:12 2025] [::1]:59476 [200]: POST /receiver.php
[Fri Nov 21 03:57:12 2025] [::1]:59476 Closing
[Fri Nov 21 03:57:13 2025] [::1]:59490 Accepted
[Fri Nov 21 03:57:13 2025] [::1]:59490 [200]: POST /receiver.php
[Fri Nov 21 03:57:13 2025] [::1]:59490 Closing
[Fri Nov 21 03:57:13 2025] [::1]:59492 Accepted
[Fri Nov 21 03:57:13 2025] [::1]:59492 [200]: POST /receiver.php
[Fri Nov 21 03:57:13 2025] [::1]:59492 Closing
[Fri Nov 21 03:57:14 2025] [::1]:59506 Accepted
[Fri Nov 21 03:57:14 2025] [::1]:59506 [200]: POST /receiver.php
[Fri Nov 21 03:57:14 2025] [::1]:59506 Closing
[Fri Nov 21 03:57:15 2025] [::1]:59510 Accepted
[Fri Nov 21 03:57:15 2025] [::1]:59522 Accepted
[Fri Nov 21 03:57:15 2025] [::1]:59510 [200]: POST /receiver.php
[Fri Nov 21 03:57:15 2025] [::1]:59510 Closing
[Fri Nov 21 03:57:15 2025] [::1]:59522 [200]: POST /receiver.php
[Fri Nov 21 03:57:15 2025] [::1]:59522 Closing
[Fri Nov 21 03:57:16 2025] [::1]:59524 Accepted
[Fri Nov 21 03:57:16 2025] [::1]:59524 [200]: POST /receiver.php
[Fri Nov 21 03:57:16 2025] [::1]:59524 Closing
[Fri Nov 21 03:57:17 2025] [::1]:59526 Accepted
[Fri Nov 21 03:57:17 2025] [::1]:59526 [200]: POST /receiver.php
[Fri Nov 21 03:57:17 2025] [::1]:59526 Closing
[Fri Nov 21 03:57:17 2025] [::1]:59536 Accepted
[Fri Nov 21 03:57:17 2025] [::1]:59536 [200]: POST /receiver.php
[Fri Nov 21 03:57:17 2025] [::1]:59536 Closing
[Fri Nov 21 03:57:18 2025] [::1]:59542 Accepted
[Fri Nov 21 03:57:18 2025] [::1]:59542 [200]: POST /receiver.php
[Fri Nov 21 03:57:18 2025] [::1]:59542 Closing
[Fri Nov 21 03:57:19 2025] [::1]:59554 Accepted
[Fri Nov 21 03:57:19 2025] [::1]:59554 [200]: POST /receiver.php
[Fri Nov 21 03:57:19 2025] [::1]:59554 Closing
[Fri Nov 21 03:57:19 2025] [::1]:59564 Accepted
[Fri Nov 21 03:57:19 2025] [::1]:59564 [200]: POST /receiver.php
[Fri Nov 21 03:57:19 2025] [::1]:59564 Closing
[Fri Nov 21 03:57:20 2025] [::1]:59580 Accepted
[Fri Nov 21 03:57:20 2025] [::1]:59580 [200]: POST /receiver.php
[Fri Nov 21 03:57:20 2025] [::1]:59580 Closing
[Fri Nov 21 03:58:20 2025] [::1]:51304 Accepted
[Fri Nov 21 03:58:20 2025] [::1]:51304 [200]: POST /receiver.php
[Fri Nov 21 03:58:20 2025] [::1]:51304 Closing
[Fri Nov 21 03:58:20 2025] [::1]:51318 Accepted
[Fri Nov 21 03:58:20 2025] [::1]:51318 [200]: POST /receiver.php
[Fri Nov 21 03:58:20 2025] [::1]:51318 Closing
[Fri Nov 21 03:58:20 2025] [::1]:51320 Accepted
[Fri Nov 21 03:58:20 2025] [::1]:51320 [200]: POST /receiver.php
[Fri Nov 21 03:58:20 2025] [::1]:51320 Closing
[Fri Nov 21 03:59:20 2025] [::1]:35126 Accepted
[Fri Nov 21 03:59:20 2025] [::1]:35126 [200]: POST /receiver.php
[Fri Nov 21 03:59:20 2025] [::1]:35126 Closing
[Fri Nov 21 03:59:20 2025] [::1]:35134 Accepted
[Fri Nov 21 03:59:20 2025] [::1]:35138 Accepted
[Fri Nov 21 03:59:20 2025] [::1]:35134 [200]: POST /receiver.php
[Fri Nov 21 03:59:20 2025] [::1]:35134 Closing
[Fri Nov 21 03:59:20 2025] [::1]:35138 [200]: POST /receiver.php
[Fri Nov 21 03:59:20 2025] [::1]:35138 Closing
